<?xml version="1.0" encoding="UTF-8"?>
<testsuite name="com.jscisco.gdx.ecs.systems.MovementSystemTest" tests="1" skipped="0" failures="0" errors="0" timestamp="2021-07-12T16:29:59" hostname="blackshadow" time="0.069">
  <properties/>
  <testcase name="entityWithMovementAndPositionComponents_isMovedWhenEngineTicks()" classname="com.jscisco.gdx.ecs.systems.MovementSystemTest" time="0.069"/>
  <system-out><![CDATA[12:29:59.576 [Test worker] INFO com.jscisco.gdx.ecs.systems.MovementSystem - Processing com.badlogic.ashley.core.Entity@18db1688
]]></system-out>
  <system-err><![CDATA[]]></system-err>
</testsuite>
